2021-08-12 08:23:53.046  INFO 23384 --- [restartedMain] c.b.e.EmployeepayrollAppApplication      : Starting EmployeepayrollAppApplication using Java 11.0.12 on LAPTOP-MQKAP2C2 with PID 23384 (C:\Users\namir\IdeaProjects\employeepayrollapp\target\classes started by namir in C:\Users\namir\IdeaProjects\employeepayrollapp)
2021-08-12 08:23:53.059 DEBUG 23384 --- [restartedMain] c.b.e.EmployeepayrollAppApplication      : Running with Spring Boot v2.5.3, Spring v5.3.9
2021-08-12 08:23:53.059  INFO 23384 --- [restartedMain] c.b.e.EmployeepayrollAppApplication      : No active profile set, falling back to default profiles: default
2021-08-12 08:23:57.851  WARN 23384 --- [restartedMain] JpaBaseConfiguration$JpaWebConfiguration : spring.jpa.open-in-view is enabled by default. Therefore, database queries may be performed during view rendering. Explicitly configure spring.jpa.open-in-view to disable this warning
2021-08-12 08:23:58.681  INFO 23384 --- [restartedMain] c.b.e.EmployeepayrollAppApplication      : Started EmployeepayrollAppApplication in 6.291 seconds (JVM running for 7.119)
2021-08-12 08:23:58.686  INFO 23384 --- [restartedMain] c.b.e.EmployeepayrollAppApplication      : Employee Payroll App Started
2021-08-12 08:28:38.645  WARN 23384 --- [http-nio-8081-exec-1] .w.s.m.s.DefaultHandlerExceptionResolver : Resolved [org.springframework.web.bind.MethodArgumentNotValidException: Validation failed for argument [1] in public org.springframework.http.ResponseEntity<com.bridgelabz.employeepayrollapp.model.EmployeePayrollData> com.bridgelabz.employeepayrollapp.controllers.EmployeePayrollController.updateEmployeePayrollData(int,com.bridgelabz.employeepayrollapp.dto.EmployeePayrollDTO) throws javassist.NotFoundException: [Field error in object 'employeePayrollDTO' on field 'name': rejected value [rani]; codes [Pattern.employeePayrollDTO.name,Pattern.name,Pattern.java.lang.String,Pattern]; arguments [org.springframework.context.support.DefaultMessageSourceResolvable: codes [employeePayrollDTO.name,name]; arguments []; default message [name],[Ljavax.validation.constraints.Pattern$Flag;@225d0128,^[A-Z]{1}[a-zA-Z\s]{2,}]; default message [Employee name Invalid]] ]
2021-08-12 15:14:31.354  INFO 24708 --- [restartedMain] c.b.e.EmployeepayrollAppApplication      : Starting EmployeepayrollAppApplication using Java 11.0.12 on LAPTOP-MQKAP2C2 with PID 24708 (C:\Users\namir\IdeaProjects\employeepayrollapp\target\classes started by namir in C:\Users\namir\IdeaProjects\employeepayrollapp)
2021-08-12 15:14:31.354 DEBUG 24708 --- [restartedMain] c.b.e.EmployeepayrollAppApplication      : Running with Spring Boot v2.5.3, Spring v5.3.9
2021-08-12 15:14:31.354  INFO 24708 --- [restartedMain] c.b.e.EmployeepayrollAppApplication      : No active profile set, falling back to default profiles: default
2021-08-12 15:14:33.506  WARN 24708 --- [restartedMain] ConfigServletWebServerApplicationContext : Exception encountered during context initialization - cancelling refresh attempt: org.springframework.beans.factory.UnsatisfiedDependencyException: Error creating bean with name 'dataSourceScriptDatabaseInitializer' defined in class path resource [org/springframework/boot/autoconfigure/sql/init/DataSourceInitializationConfiguration.class]: Unsatisfied dependency expressed through method 'dataSourceScriptDatabaseInitializer' parameter 0; nested exception is org.springframework.beans.factory.BeanCreationException: Error creating bean with name 'dataSource' defined in class path resource [org/springframework/boot/autoconfigure/jdbc/DataSourceConfiguration$Hikari.class]: Bean instantiation via factory method failed; nested exception is org.springframework.beans.BeanInstantiationException: Failed to instantiate [com.zaxxer.hikari.HikariDataSource]: Factory method 'dataSource' threw exception; nested exception is org.springframework.boot.autoconfigure.jdbc.DataSourceProperties$DataSourceBeanCreationException: Failed to determine a suitable driver class
2021-08-12 15:14:33.543 ERROR 24708 --- [restartedMain] o.s.b.d.LoggingFailureAnalysisReporter   : 

***************************
APPLICATION FAILED TO START
***************************

Description:

Failed to configure a DataSource: 'url' attribute is not specified and no embedded datasource could be configured.

Reason: Failed to determine a suitable driver class


Action:

Consider the following:
	If you want an embedded database (H2, HSQL or Derby), please put it on the classpath.
	If you have database settings to be loaded from a particular profile you may need to activate it (no profiles are currently active).

2021-08-12 15:15:47.894  INFO 27268 --- [restartedMain] c.b.e.EmployeepayrollAppApplication      : Starting EmployeepayrollAppApplication using Java 11.0.12 on LAPTOP-MQKAP2C2 with PID 27268 (C:\Users\namir\IdeaProjects\employeepayrollapp\target\classes started by namir in C:\Users\namir\IdeaProjects\employeepayrollapp)
2021-08-12 15:15:47.894 DEBUG 27268 --- [restartedMain] c.b.e.EmployeepayrollAppApplication      : Running with Spring Boot v2.5.3, Spring v5.3.9
2021-08-12 15:15:47.894  INFO 27268 --- [restartedMain] c.b.e.EmployeepayrollAppApplication      : No active profile set, falling back to default profiles: default
2021-08-12 15:15:50.069  WARN 27268 --- [restartedMain] ConfigServletWebServerApplicationContext : Exception encountered during context initialization - cancelling refresh attempt: org.springframework.beans.factory.UnsatisfiedDependencyException: Error creating bean with name 'dataSourceScriptDatabaseInitializer' defined in class path resource [org/springframework/boot/autoconfigure/sql/init/DataSourceInitializationConfiguration.class]: Unsatisfied dependency expressed through method 'dataSourceScriptDatabaseInitializer' parameter 0; nested exception is org.springframework.beans.factory.BeanCreationException: Error creating bean with name 'dataSource' defined in class path resource [org/springframework/boot/autoconfigure/jdbc/DataSourceConfiguration$Hikari.class]: Bean instantiation via factory method failed; nested exception is org.springframework.beans.BeanInstantiationException: Failed to instantiate [com.zaxxer.hikari.HikariDataSource]: Factory method 'dataSource' threw exception; nested exception is org.springframework.boot.autoconfigure.jdbc.DataSourceProperties$DataSourceBeanCreationException: Failed to determine suitable jdbc url
2021-08-12 15:15:50.106 ERROR 27268 --- [restartedMain] o.s.b.d.LoggingFailureAnalysisReporter   : 

***************************
APPLICATION FAILED TO START
***************************

Description:

Failed to configure a DataSource: 'url' attribute is not specified and no embedded datasource could be configured.

Reason: Failed to determine suitable jdbc url


Action:

Consider the following:
	If you want an embedded database (H2, HSQL or Derby), please put it on the classpath.
	If you have database settings to be loaded from a particular profile you may need to activate it (no profiles are currently active).

2021-08-12 15:16:21.550  INFO 12504 --- [restartedMain] c.b.e.EmployeepayrollAppApplication      : Starting EmployeepayrollAppApplication using Java 11.0.12 on LAPTOP-MQKAP2C2 with PID 12504 (C:\Users\namir\IdeaProjects\employeepayrollapp\target\classes started by namir in C:\Users\namir\IdeaProjects\employeepayrollapp)
2021-08-12 15:16:21.550 DEBUG 12504 --- [restartedMain] c.b.e.EmployeepayrollAppApplication      : Running with Spring Boot v2.5.3, Spring v5.3.9
2021-08-12 15:16:21.550  INFO 12504 --- [restartedMain] c.b.e.EmployeepayrollAppApplication      : No active profile set, falling back to default profiles: default
2021-08-12 15:16:23.728  WARN 12504 --- [restartedMain] ConfigServletWebServerApplicationContext : Exception encountered during context initialization - cancelling refresh attempt: org.springframework.beans.factory.UnsatisfiedDependencyException: Error creating bean with name 'dataSourceScriptDatabaseInitializer' defined in class path resource [org/springframework/boot/autoconfigure/sql/init/DataSourceInitializationConfiguration.class]: Unsatisfied dependency expressed through method 'dataSourceScriptDatabaseInitializer' parameter 0; nested exception is org.springframework.beans.factory.BeanCreationException: Error creating bean with name 'dataSource' defined in class path resource [org/springframework/boot/autoconfigure/jdbc/DataSourceConfiguration$Hikari.class]: Bean instantiation via factory method failed; nested exception is org.springframework.beans.BeanInstantiationException: Failed to instantiate [com.zaxxer.hikari.HikariDataSource]: Factory method 'dataSource' threw exception; nested exception is org.springframework.boot.autoconfigure.jdbc.DataSourceProperties$DataSourceBeanCreationException: Failed to determine suitable jdbc url
2021-08-12 15:16:23.771 ERROR 12504 --- [restartedMain] o.s.b.d.LoggingFailureAnalysisReporter   : 

***************************
APPLICATION FAILED TO START
***************************

Description:

Failed to configure a DataSource: 'url' attribute is not specified and no embedded datasource could be configured.

Reason: Failed to determine suitable jdbc url


Action:

Consider the following:
	If you want an embedded database (H2, HSQL or Derby), please put it on the classpath.
	If you have database settings to be loaded from a particular profile you may need to activate it (no profiles are currently active).

2021-08-12 15:21:34.014  INFO 25320 --- [restartedMain] c.b.e.EmployeepayrollAppApplication      : Starting EmployeepayrollAppApplication using Java 11.0.12 on LAPTOP-MQKAP2C2 with PID 25320 (C:\Users\namir\IdeaProjects\employeepayrollapp\target\classes started by namir in C:\Users\namir\IdeaProjects\employeepayrollapp)
2021-08-12 15:21:34.014 DEBUG 25320 --- [restartedMain] c.b.e.EmployeepayrollAppApplication      : Running with Spring Boot v2.5.3, Spring v5.3.9
2021-08-12 15:21:34.014  INFO 25320 --- [restartedMain] c.b.e.EmployeepayrollAppApplication      : No active profile set, falling back to default profiles: default
2021-08-12 15:21:38.009  WARN 25320 --- [restartedMain] JpaBaseConfiguration$JpaWebConfiguration : spring.jpa.open-in-view is enabled by default. Therefore, database queries may be performed during view rendering. Explicitly configure spring.jpa.open-in-view to disable this warning
2021-08-12 15:21:38.744  INFO 25320 --- [restartedMain] c.b.e.EmployeepayrollAppApplication      : Started EmployeepayrollAppApplication in 5.321 seconds (JVM running for 6.032)
2021-08-12 15:21:38.760  INFO 25320 --- [restartedMain] c.b.e.EmployeepayrollAppApplication      : Employee Payroll App Started
